<?xml version="1.0" encoding="UTF-8"?>
<testsuite xmlns:xsi="http://www.w3.org/2001/XMLSchema-instance" xsi:noNamespaceSchemaLocation="https://maven.apache.org/surefire/maven-surefire-plugin/xsd/surefire-test-report.xsd" name="edu.eci.cvds.AppTest" time="0.106" tests="1" errors="0" skipped="0" failures="0">
  <properties>
    <property name="java.specification.version" value="15"/>
    <property name="sun.cpu.isalist" value="amd64"/>
    <property name="sun.jnu.encoding" value="Cp1252"/>
    <property name="java.class.path" value="C:\Users\Ozkr_\OneDrive - ESCUELA COLOMBIANA DE INGENIERIA JULIO GARAVITO\CVDS\proyecto-solidaridadescuela\solidaridadescuela\target\test-classes;C:\Users\Ozkr_\OneDrive - ESCUELA COLOMBIANA DE INGENIERIA JULIO GARAVITO\CVDS\proyecto-solidaridadescuela\solidaridadescuela\target\classes;C:\Users\Ozkr_\.m2\repository\junit\junit\4.11\junit-4.11.jar;C:\Users\Ozkr_\.m2\repository\org\hamcrest\hamcrest-core\1.3\hamcrest-core-1.3.jar;C:\Users\Ozkr_\.m2\repository\org\quicktheories\quicktheories\0.25\quicktheories-0.25.jar;C:\Users\Ozkr_\.m2\repository\org\postgresql\postgresql\42.2.19\postgresql-42.2.19.jar;C:\Users\Ozkr_\.m2\repository\org\checkerframework\checker-qual\3.5.0\checker-qual-3.5.0.jar;C:\Users\Ozkr_\.m2\repository\org\mybatis\mybatis-guice\3.10\mybatis-guice-3.10.jar;C:\Users\Ozkr_\.m2\repository\org\mybatis\mybatis\3.4.6\mybatis-3.4.6.jar;C:\Users\Ozkr_\.m2\repository\commons-dbcp\commons-dbcp\1.4\commons-dbcp-1.4.jar;C:\Users\Ozkr_\.m2\repository\commons-pool\commons-pool\1.5.4\commons-pool-1.5.4.jar;C:\Users\Ozkr_\.m2\repository\com\google\inject\guice\4.2.0\guice-4.2.0.jar;C:\Users\Ozkr_\.m2\repository\javax\inject\javax.inject\1\javax.inject-1.jar;C:\Users\Ozkr_\.m2\repository\aopalliance\aopalliance\1.0\aopalliance-1.0.jar;C:\Users\Ozkr_\.m2\repository\com\google\guava\guava\23.6-android\guava-23.6-android.jar;C:\Users\Ozkr_\.m2\repository\com\google\code\findbugs\jsr305\1.3.9\jsr305-1.3.9.jar;C:\Users\Ozkr_\.m2\repository\org\checkerframework\checker-compat-qual\2.0.0\checker-compat-qual-2.0.0.jar;C:\Users\Ozkr_\.m2\repository\com\google\errorprone\error_prone_annotations\2.1.3\error_prone_annotations-2.1.3.jar;C:\Users\Ozkr_\.m2\repository\com\google\j2objc\j2objc-annotations\1.1\j2objc-annotations-1.1.jar;C:\Users\Ozkr_\.m2\repository\org\codehaus\mojo\animal-sniffer-annotations\1.14\animal-sniffer-annotations-1.14.jar;C:\Users\Ozkr_\.m2\repository\javax\servlet\jstl\1.2\jstl-1.2.jar;C:\Users\Ozkr_\.m2\repository\javax\javaee-api\8.0\javaee-api-8.0.jar;C:\Users\Ozkr_\.m2\repository\com\sun\mail\javax.mail\1.6.0\javax.mail-1.6.0.jar;C:\Users\Ozkr_\.m2\repository\javax\activation\activation\1.1\activation-1.1.jar;C:\Users\Ozkr_\.m2\repository\com\sun\faces\jsf-api\2.2.18\jsf-api-2.2.18.jar;C:\Users\Ozkr_\.m2\repository\com\sun\faces\jsf-impl\2.2.18\jsf-impl-2.2.18.jar;C:\Users\Ozkr_\.m2\repository\org\primefaces\primefaces\6.2\primefaces-6.2.jar;"/>
    <property name="java.vm.vendor" value="Oracle Corporation"/>
    <property name="sun.arch.data.model" value="64"/>
    <property name="user.variant" value=""/>
    <property name="java.vendor.url" value="https://java.oracle.com/"/>
    <property name="user.timezone" value="America/Bogota"/>
    <property name="os.name" value="Windows 10"/>
    <property name="java.vm.specification.version" value="15"/>
    <property name="sun.java.launcher" value="SUN_STANDARD"/>
    <property name="user.country" value="CO"/>
    <property name="sun.boot.library.path" value="C:\Program Files\Java\jdk-15\bin"/>
    <property name="sun.java.command" value="C:\Users\Ozkr_\AppData\Local\Temp\surefire4123393667255406308\surefirebooter6679614979287658731.jar C:\Users\Ozkr_\AppData\Local\Temp\surefire4123393667255406308 2021-04-10T09-51-39_946-jvmRun1 surefire15226626608720271940tmp surefire_014611567689877901673tmp"/>
    <property name="jdk.debug" value="release"/>
    <property name="surefire.test.class.path" value="C:\Users\Ozkr_\OneDrive - ESCUELA COLOMBIANA DE INGENIERIA JULIO GARAVITO\CVDS\proyecto-solidaridadescuela\solidaridadescuela\target\test-classes;C:\Users\Ozkr_\OneDrive - ESCUELA COLOMBIANA DE INGENIERIA JULIO GARAVITO\CVDS\proyecto-solidaridadescuela\solidaridadescuela\target\classes;C:\Users\Ozkr_\.m2\repository\junit\junit\4.11\junit-4.11.jar;C:\Users\Ozkr_\.m2\repository\org\hamcrest\hamcrest-core\1.3\hamcrest-core-1.3.jar;C:\Users\Ozkr_\.m2\repository\org\quicktheories\quicktheories\0.25\quicktheories-0.25.jar;C:\Users\Ozkr_\.m2\repository\org\postgresql\postgresql\42.2.19\postgresql-42.2.19.jar;C:\Users\Ozkr_\.m2\repository\org\checkerframework\checker-qual\3.5.0\checker-qual-3.5.0.jar;C:\Users\Ozkr_\.m2\repository\org\mybatis\mybatis-guice\3.10\mybatis-guice-3.10.jar;C:\Users\Ozkr_\.m2\repository\org\mybatis\mybatis\3.4.6\mybatis-3.4.6.jar;C:\Users\Ozkr_\.m2\repository\commons-dbcp\commons-dbcp\1.4\commons-dbcp-1.4.jar;C:\Users\Ozkr_\.m2\repository\commons-pool\commons-pool\1.5.4\commons-pool-1.5.4.jar;C:\Users\Ozkr_\.m2\repository\com\google\inject\guice\4.2.0\guice-4.2.0.jar;C:\Users\Ozkr_\.m2\repository\javax\inject\javax.inject\1\javax.inject-1.jar;C:\Users\Ozkr_\.m2\repository\aopalliance\aopalliance\1.0\aopalliance-1.0.jar;C:\Users\Ozkr_\.m2\repository\com\google\guava\guava\23.6-android\guava-23.6-android.jar;C:\Users\Ozkr_\.m2\repository\com\google\code\findbugs\jsr305\1.3.9\jsr305-1.3.9.jar;C:\Users\Ozkr_\.m2\repository\org\checkerframework\checker-compat-qual\2.0.0\checker-compat-qual-2.0.0.jar;C:\Users\Ozkr_\.m2\repository\com\google\errorprone\error_prone_annotations\2.1.3\error_prone_annotations-2.1.3.jar;C:\Users\Ozkr_\.m2\repository\com\google\j2objc\j2objc-annotations\1.1\j2objc-annotations-1.1.jar;C:\Users\Ozkr_\.m2\repository\org\codehaus\mojo\animal-sniffer-annotations\1.14\animal-sniffer-annotations-1.14.jar;C:\Users\Ozkr_\.m2\repository\javax\servlet\jstl\1.2\jstl-1.2.jar;C:\Users\Ozkr_\.m2\repository\javax\javaee-api\8.0\javaee-api-8.0.jar;C:\Users\Ozkr_\.m2\repository\com\sun\mail\javax.mail\1.6.0\javax.mail-1.6.0.jar;C:\Users\Ozkr_\.m2\repository\javax\activation\activation\1.1\activation-1.1.jar;C:\Users\Ozkr_\.m2\repository\com\sun\faces\jsf-api\2.2.18\jsf-api-2.2.18.jar;C:\Users\Ozkr_\.m2\repository\com\sun\faces\jsf-impl\2.2.18\jsf-impl-2.2.18.jar;C:\Users\Ozkr_\.m2\repository\org\primefaces\primefaces\6.2\primefaces-6.2.jar;"/>
    <property name="sun.cpu.endian" value="little"/>
    <property name="user.home" value="C:\Users\Ozkr_"/>
    <property name="user.language" value="es"/>
    <property name="java.specification.vendor" value="Oracle Corporation"/>
    <property name="java.version.date" value="2020-09-15"/>
    <property name="java.home" value="C:\Program Files\Java\jdk-15"/>
    <property name="file.separator" value="\"/>
    <property name="basedir" value="C:\Users\Ozkr_\OneDrive - ESCUELA COLOMBIANA DE INGENIERIA JULIO GARAVITO\CVDS\proyecto-solidaridadescuela\solidaridadescuela"/>
    <property name="java.vm.compressedOopsMode" value="Zero based"/>
    <property name="line.separator" value="&#10;"/>
    <property name="java.vm.specification.vendor" value="Oracle Corporation"/>
    <property name="java.specification.name" value="Java Platform API Specification"/>
    <property name="surefire.real.class.path" value="C:\Users\Ozkr_\AppData\Local\Temp\surefire4123393667255406308\surefirebooter6679614979287658731.jar"/>
    <property name="user.script" value=""/>
    <property name="sun.management.compiler" value="HotSpot 64-Bit Tiered Compilers"/>
    <property name="java.runtime.version" value="15+36-1562"/>
    <property name="user.name" value="Nico"/>
    <property name="path.separator" value=";"/>
    <property name="os.version" value="10.0"/>
    <property name="java.runtime.name" value="Java(TM) SE Runtime Environment"/>
    <property name="file.encoding" value="Cp1252"/>
    <property name="java.vm.name" value="Java HotSpot(TM) 64-Bit Server VM"/>
    <property name="localRepository" value="C:\Users\Ozkr_\.m2\repository"/>
    <property name="java.vendor.url.bug" value="https://bugreport.java.com/bugreport/"/>
    <property name="java.io.tmpdir" value="C:\Users\Ozkr_\AppData\Local\Temp\"/>
    <property name="java.version" value="15"/>
    <property name="user.dir" value="C:\Users\Ozkr_\OneDrive - ESCUELA COLOMBIANA DE INGENIERIA JULIO GARAVITO\CVDS\proyecto-solidaridadescuela\solidaridadescuela"/>
    <property name="os.arch" value="amd64"/>
    <property name="java.vm.specification.name" value="Java Virtual Machine Specification"/>
    <property name="sun.os.patch.level" value=""/>
    <property name="java.library.path" value="C:\Program Files\Java\jdk-15\bin;C:\WINDOWS\Sun\Java\bin;C:\WINDOWS\system32;C:\WINDOWS;C:\Program Files\Git\cmd;C:\Program Files (x86)\VMware\VMware Player\bin\;C:\Program Files\Common Files\Oracle\Java\javapath;C:\Program Files\Haskell\bin;C:\Program Files\Haskell Platform\8.6.5\lib\extralibs\bin;C:\Program Files\Haskell Platform\8.6.5\bin;C:\WINDOWS\system32;C:\WINDOWS;C:\WINDOWS\System32\Wbem;C:\WINDOWS\System32\WindowsPowerShell\v1.0\;C:\WINDOWS\System32\OpenSSH\;C:\Program Files\Haskell Platform\8.6.5\mingw\bin;C:\Program Files\Wolfram Research\WolframScript\;C:\Program Files\Java\jdk-15\bin;C:\Program Files\Git\cmd;C:\Program Files\PuTTY\;C:\Maven\bin\;C:\Program Files\nodejs\;C:\Users\Ozkr_\AppData\Roaming\cabal\bin;C:\Users\Ozkr_\AppData\Roaming\local\bin;C:\Users\Ozkr_\AppData\Local\Microsoft\WindowsApps;C:\Program Files\JetBrains\PyCharm Community Edition 2019.2.5\bin;C:\Users\Ozkr_\AppData\Local\atom\bin;C:\Users\Ozkr_\AppData\Local\Programs\Microsoft VS Code\bin;C:\Users\Ozkr_\AppData\Local\gitkraken\bin;C:\Users\Ozkr_\AppData\Roaming\npm;%USERPROFILE%\AppData\Local\Microsoft\WindowsApps;;."/>
    <property name="java.vm.info" value="mixed mode, sharing"/>
    <property name="java.vendor" value="Oracle Corporation"/>
    <property name="java.vm.version" value="15+36-1562"/>
    <property name="sun.io.unicode.encoding" value="UnicodeLittle"/>
    <property name="java.class.version" value="59.0"/>
  </properties>
  <testcase name="shouldAnswerWithTrue" classname="edu.eci.cvds.AppTest" time="0.005"/>
</testsuite>